# JRE version: Java(TM) SE Runtime Environment (8.0_25-b18) (build 1.8.0_25-b18)
# Java VM: Java HotSpot(TM) 64-Bit Server VM (25.25-b02 mixed mode windows-amd64 compressed oops)
Heap:
 PSYoungGen      total 174592K, used 87022K [0x00000000eab00000, 0x00000000f8e80000, 0x0000000100000000)
  eden space 147968K, 40% used [0x00000000eab00000,0x00000000ee5fd540,0x00000000f3b80000)
  from space 26624K, 99% used [0x00000000f5f00000,0x00000000f78fe2d0,0x00000000f7900000)
  to   space 36352K, 0% used [0x00000000f3b80000,0x00000000f3b80000,0x00000000f5f00000)
 ParOldGen       total 71680K, used 55038K [0x00000000c0000000, 0x00000000c4600000, 0x00000000eab00000)
  object space 71680K, 76% used [0x00000000c0000000,0x00000000c35bfa48,0x00000000c4600000)
 Metaspace       used 49947K, capacity 51913K, committed 52264K, reserved 1093632K
  class space    used 6697K, capacity 7427K, committed 7464K, reserved 1048576K
GC Heap History (10 events):
Event: 11.662 GC heap before
{Heap before GC invocations=12 (full 1):
 PSYoungGen      total 114688K, used 60548K [0x00000000eab00000, 0x00000000f3280000, 0x0000000100000000)
  eden space 104448K, 48% used [0x00000000eab00000,0x00000000edc29190,0x00000000f1100000)
  from space 10240K, 99% used [0x00000000f1f00000,0x00000000f28f8020,0x00000000f2900000)
  to   space 14336K, 0% used [0x00000000f1100000,0x00000000f1100000,0x00000000f1f00000)
 ParOldGen       total 40960K, used 19073K [0x00000000c0000000, 0x00000000c2800000, 0x00000000eab00000)
  object space 40960K, 46% used [0x00000000c0000000,0x00000000c12a07f0,0x00000000c2800000)
 Metaspace       used 34079K, capacity 35336K, committed 35496K, reserved 1079296K
  class space    used 4553K, capacity 5023K, committed 5032K, reserved 1048576K
Event: 11.700 GC heap after
Heap after GC invocations=12 (full 1):
 PSYoungGen      total 118784K, used 14304K [0x00000000eab00000, 0x00000000f5000000, 0x0000000100000000)
  eden space 104448K, 0% used [0x00000000eab00000,0x00000000eab00000,0x00000000f1100000)
  from space 14336K, 99% used [0x00000000f1100000,0x00000000f1ef8020,0x00000000f1f00000)
  to   space 16896K, 0% used [0x00000000f3f80000,0x00000000f3f80000,0x00000000f5000000)
 ParOldGen       total 40960K, used 20481K [0x00000000c0000000, 0x00000000c2800000, 0x00000000eab00000)
  object space 40960K, 50% used [0x00000000c0000000,0x00000000c14007e0,0x00000000c2800000)
 Metaspace       used 34079K, capacity 35336K, committed 35496K, reserved 1079296K
  class space    used 4553K, capacity 5023K, committed 5032K, reserved 1048576K
}
Event: 11.700 GC heap before
{Heap before GC invocations=13 (full 2):
 PSYoungGen      total 118784K, used 14304K [0x00000000eab00000, 0x00000000f5000000, 0x0000000100000000)
  eden space 104448K, 0% used [0x00000000eab00000,0x00000000eab00000,0x00000000f1100000)
  from space 14336K, 99% used [0x00000000f1100000,0x00000000f1ef8020,0x00000000f1f00000)
  to   space 16896K, 0% used [0x00000000f3f80000,0x00000000f3f80000,0x00000000f5000000)
 ParOldGen       total 40960K, used 20481K [0x00000000c0000000, 0x00000000c2800000, 0x00000000eab00000)
  object space 40960K, 50% used [0x00000000c0000000,0x00000000c14007e0,0x00000000c2800000)
 Metaspace       used 34079K, capacity 35336K, committed 35496K, reserved 1079296K
  class space    used 4553K, capacity 5023K, committed 5032K, reserved 1048576K
Event: 11.990 GC heap after
Heap after GC invocations=13 (full 2):
 PSYoungGen      total 118784K, used 0K [0x00000000eab00000, 0x00000000f5000000, 0x0000000100000000)
  eden space 104448K, 0% used [0x00000000eab00000,0x00000000eab00000,0x00000000f1100000)
  from space 14336K, 0% used [0x00000000f1100000,0x00000000f1100000,0x00000000f1f00000)
  to   space 16896K, 0% used [0x00000000f3f80000,0x00000000f3f80000,0x00000000f5000000)
 ParOldGen       total 71680K, used 25435K [0x00000000c0000000, 0x00000000c4600000, 0x00000000eab00000)
  object space 71680K, 35% used [0x00000000c0000000,0x00000000c18d6dc8,0x00000000c4600000)
 Metaspace       used 34079K, capacity 35336K, committed 35496K, reserved 1079296K
  class space    used 4553K, capacity 5023K, committed 5032K, reserved 1048576K
}
Event: 14.144 GC heap before
{Heap before GC invocations=14 (full 2):
 PSYoungGen      total 118784K, used 104448K [0x00000000eab00000, 0x00000000f5000000, 0x0000000100000000)
  eden space 104448K, 100% used [0x00000000eab00000,0x00000000f1100000,0x00000000f1100000)
  from space 14336K, 0% used [0x00000000f1100000,0x00000000f1100000,0x00000000f1f00000)
  to   space 16896K, 0% used [0x00000000f3f80000,0x00000000f3f80000,0x00000000f5000000)
 ParOldGen       total 71680K, used 25435K [0x00000000c0000000, 0x00000000c4600000, 0x00000000eab00000)
  object space 71680K, 35% used [0x00000000c0000000,0x00000000c18d6dc8,0x00000000c4600000)
 Metaspace       used 37210K, capacity 38828K, committed 39080K, reserved 1083392K
  class space    used 5083K, capacity 5686K, committed 5800K, reserved 1048576K
Event: 14.191 GC heap after
Heap after GC invocations=14 (full 2):
 PSYoungGen      total 142848K, used 12372K [0x00000000eab00000, 0x00000000f4c80000, 0x0000000100000000)
  eden space 129536K, 0% used [0x00000000eab00000,0x00000000eab00000,0x00000000f2980000)
  from space 13312K, 92% used [0x00000000f3f80000,0x00000000f4b95130,0x00000000f4c80000)
  to   space 17920K, 0% used [0x00000000f2980000,0x00000000f2980000,0x00000000f3b00000)
 ParOldGen       total 71680K, used 25443K [0x00000000c0000000, 0x00000000c4600000, 0x00000000eab00000)
  object space 71680K, 35% used [0x00000000c0000000,0x00000000c18d8dc8,0x00000000c4600000)
 Metaspace       used 37210K, capacity 38828K, committed 39080K, reserved 1083392K
  class space    used 5083K, capacity 5686K, committed 5800K, reserved 1048576K
}
Event: 23.517 GC heap before
{Heap before GC invocations=15 (full 2):
 PSYoungGen      total 142848K, used 141908K [0x00000000eab00000, 0x00000000f4c80000, 0x0000000100000000)
  eden space 129536K, 100% used [0x00000000eab00000,0x00000000f2980000,0x00000000f2980000)
  from space 13312K, 92% used [0x00000000f3f80000,0x00000000f4b95130,0x00000000f4c80000)
  to   space 17920K, 0% used [0x00000000f2980000,0x00000000f2980000,0x00000000f3b00000)
 ParOldGen       total 71680K, used 25443K [0x00000000c0000000, 0x00000000c4600000, 0x00000000eab00000)
  object space 71680K, 35% used [0x00000000c0000000,0x00000000c18d8dc8,0x00000000c4600000)
 Metaspace       used 46159K, capacity 48119K, committed 48296K, reserved 1091584K
  class space    used 6305K, capacity 7028K, committed 7080K, reserved 1048576K
Event: 23.600 GC heap after
Heap after GC invocations=15 (full 2):
 PSYoungGen      total 147456K, used 17890K [0x00000000eab00000, 0x00000000f7900000, 0x0000000100000000)
  eden space 129536K, 0% used [0x00000000eab00000,0x00000000eab00000,0x00000000f2980000)
  from space 17920K, 99% used [0x00000000f2980000,0x00000000f3af8ac8,0x00000000f3b00000)
  to   space 26624K, 0% used [0x00000000f5f00000,0x00000000f5f00000,0x00000000f7900000)
 ParOldGen       total 71680K, used 40512K [0x00000000c0000000, 0x00000000c4600000, 0x00000000eab00000)
  object space 71680K, 56% used [0x00000000c0000000,0x00000000c2790110,0x00000000c4600000)
 Metaspace       used 46159K, capacity 48119K, committed 48296K, reserved 1091584K
  class space    used 6305K, capacity 7028K, committed 7080K, reserved 1048576K
}
Event: 28.258 GC heap before
{Heap before GC invocations=16 (full 2):
 PSYoungGen      total 147456K, used 147426K [0x00000000eab00000, 0x00000000f7900000, 0x0000000100000000)
  eden space 129536K, 100% used [0x00000000eab00000,0x00000000f2980000,0x00000000f2980000)
  from space 17920K, 99% used [0x00000000f2980000,0x00000000f3af8ac8,0x00000000f3b00000)
  to   space 26624K, 0% used [0x00000000f5f00000,0x00000000f5f00000,0x00000000f7900000)
 ParOldGen       total 71680K, used 40512K [0x00000000c0000000, 0x00000000c4600000, 0x00000000eab00000)
  object space 71680K, 56% used [0x00000000c0000000,0x00000000c2790110,0x00000000c4600000)
 Metaspace       used 49669K, capacity 51699K, committed 52008K, reserved 1093632K
  class space    used 6686K, capacity 7422K, committed 7464K, reserved 1048576K
Event: 28.373 GC heap after
Heap after GC invocations=16 (full 2):
 PSYoungGen      total 174592K, used 26616K [0x00000000eab00000, 0x00000000f8e80000, 0x0000000100000000)
  eden space 147968K, 0% used [0x00000000eab00000,0x00000000eab00000,0x00000000f3b80000)
  from space 26624K, 99% used [0x00000000f5f00000,0x00000000f78fe2d0,0x00000000f7900000)
  to   space 36352K, 0% used [0x00000000f3b80000,0x00000000f3b80000,0x00000000f5f00000)
 ParOldGen       total 71680K, used 55038K [0x00000000c0000000, 0x00000000c4600000, 0x00000000eab00000)
  object space 71680K, 76% used [0x00000000c0000000,0x00000000c35bfa48,0x00000000c4600000)
 Metaspace       used 49669K, capacity 51699K, committed 52008K, reserved 1093632K
  class space    used 6686K, capacity 7422K, committed 7464K, reserved 1048576K
}

